2016-02-01 00时00分05秒
the status of notification is lasting!
2016-02-01 00时05分05秒
the status of notification is lasting!
2016-02-01 00时10分05秒
the status of notification is lasting!
2016-02-01 00时15分05秒
the status of notification is lasting!
2016-02-01 00时20分05秒
the status of notification is lasting!
2016-02-01 00时25分05秒
the status of notification is lasting!
2016-02-01 00时30分06秒
the status of notification is lasting!
2016-02-01 00时35分05秒
the status of notification is lasting!
2016-02-01 00时40分05秒
the status of notification is lasting!
2016-02-01 00时45分05秒
the status of notification is lasting!
2016-02-01 00时50分05秒
the status of notification is lasting!
2016-02-01 00时55分05秒
the status of notification is lasting!
2016-02-01 01时00分15秒
监控服务器于2016-02-01 01:00:15出现服务无法响应,请立即检查!
b'{\r\n  "code" : 0,\r\n  "tip" : "\xe6\x93\x8d\xe4\xbd\x9c\xe6\x88\x90\xe5\x8a\x9f",\r\n  "data" : "<Root><Error><Code>0</Code><Message></Message></Error><Return><TaskDetialID>78957570</TaskDetialID></Return></Root>"\r\n}'
2016-02-01 01时05分05秒
the monitor server is alive now!
2016-02-01 01时10分06秒
the status of notification is lasting!
2016-02-01 01时15分05秒
the status of notification is lasting!
2016-02-01 01时20分05秒
the status of notification is lasting!
2016-02-01 01时25分05秒
the status of notification is lasting!
2016-02-01 01时30分05秒
the status of notification is lasting!
2016-02-01 01时35分05秒
the status of notification is lasting!
2016-02-01 01时40分05秒
the status of notification is lasting!
2016-02-01 01时45分06秒
the status of notification is lasting!
2016-02-01 01时50分05秒
the status of notification is lasting!
2016-02-01 01时55分05秒
the status of notification is lasting!
2016-02-01 02时00分05秒
the status of notification is lasting!
2016-02-01 02时05分05秒
the status of notification is lasting!
2016-02-01 02时10分05秒
the status of notification is lasting!
2016-02-01 02时15分06秒
the status of notification is lasting!
2016-02-01 02时20分05秒
the status of notification is lasting!
2016-02-01 02时25分05秒
the status of notification is lasting!
2016-02-01 02时30分05秒
the status of notification is lasting!
2016-02-01 02时35分05秒
the status of notification is lasting!
2016-02-01 02时40分05秒
the status of notification is lasting!
2016-02-01 02时45分05秒
the status of notification is lasting!
2016-02-01 02时50分06秒
the status of notification is lasting!
2016-02-01 02时55分05秒
the status of notification is lasting!
2016-02-01 03时00分05秒
the status of notification is lasting!
2016-02-01 03时05分05秒
the status of notification is lasting!
2016-02-01 03时10分05秒
the status of notification is lasting!
2016-02-01 03时15分05秒
the status of notification is lasting!
2016-02-01 03时20分06秒
the status of notification is lasting!
2016-02-01 03时25分05秒
the status of notification is lasting!
2016-02-01 03时30分05秒
the status of notification is lasting!
2016-02-01 03时35分05秒
the status of notification is lasting!
2016-02-01 03时40分05秒
the status of notification is lasting!
2016-02-01 03时45分05秒
the status of notification is lasting!
2016-02-01 03时50分05秒
the status of notification is lasting!
2016-02-01 03时55分06秒
the status of notification is lasting!
2016-02-01 04时00分05秒
the status of notification is lasting!
2016-02-01 04时05分05秒
the status of notification is lasting!
2016-02-01 04时10分05秒
the status of notification is lasting!
2016-02-01 04时15分05秒
the status of notification is lasting!
2016-02-01 04时20分06秒
the status of notification is lasting!
2016-02-01 04时25分05秒
the status of notification is lasting!
2016-02-01 04时30分05秒
the status of notification is lasting!
2016-02-01 04时35分05秒
the status of notification is lasting!
2016-02-01 04时40分05秒
the status of notification is lasting!
2016-02-01 04时45分05秒
the status of notification is lasting!
2016-02-01 04时50分05秒
the status of notification is lasting!
2016-02-01 04时55分06秒
the status of notification is lasting!
2016-02-01 05时00分05秒
the status of notification is lasting!
2016-02-01 05时05分05秒
the status of notification is lasting!
2016-02-01 05时10分05秒
the status of notification is lasting!
2016-02-01 05时15分05秒
the status of notification is lasting!
2016-02-01 05时20分05秒
the status of notification is lasting!
2016-02-01 05时25分06秒
the status of notification is lasting!
2016-02-01 05时30分05秒
the status of notification is lasting!
2016-02-01 05时35分05秒
the status of notification is lasting!
2016-02-01 05时40分05秒
the status of notification is lasting!
2016-02-01 05时45分05秒
the status of notification is lasting!
2016-02-01 05时50分05秒
the status of notification is lasting!
2016-02-01 05时55分05秒
the status of notification is lasting!
2016-02-01 06时00分06秒
the status of notification is lasting!
2016-02-01 06时05分05秒
the status of notification is lasting!
2016-02-01 06时10分05秒
the status of notification is lasting!
2016-02-01 06时15分05秒
the status of notification is lasting!
2016-02-01 06时20分05秒
the status of notification is lasting!
2016-02-01 06时25分05秒
the status of notification is lasting!
2016-02-01 06时30分05秒
the status of notification is lasting!
2016-02-01 06时35分05秒
the status of notification is lasting!
2016-02-01 06时40分05秒
the status of notification is lasting!
2016-02-01 06时45分05秒
the status of notification is lasting!
2016-02-01 06时50分05秒
the status of notification is lasting!
2016-02-01 06时55分05秒
the status of notification is lasting!
2016-02-01 07时00分05秒
the status of notification is lasting!
2016-02-01 07时05分05秒
the status of notification is lasting!
2016-02-01 07时10分05秒
the status of notification is lasting!
2016-02-01 07时15分05秒
the status of notification is lasting!
2016-02-01 07时20分05秒
the status of notification is lasting!
2016-02-01 07时25分05秒
the status of notification is lasting!
2016-02-01 07时30分05秒
the status of notification is lasting!
2016-02-01 07时35分06秒
the status of notification is lasting!
2016-02-01 07时40分05秒
the status of notification is lasting!
2016-02-01 07时45分05秒
the status of notification is lasting!
2016-02-01 07时50分05秒
the status of notification is lasting!
2016-02-01 07时55分05秒
the status of notification is lasting!
2016-02-01 08时00分05秒
the status of notification is lasting!
2016-02-01 08时05分05秒
the status of notification is lasting!
2016-02-01 08时10分06秒
the status of notification is lasting!
2016-02-01 08时15分05秒
the status of notification is lasting!
2016-02-01 08时20分05秒
the status of notification is lasting!
2016-02-01 08时25分05秒
the status of notification is lasting!
2016-02-01 08时30分05秒
the status of notification is lasting!
2016-02-01 08时35分05秒
the status of notification is lasting!
2016-02-01 08时40分05秒
the status of notification is lasting!
2016-02-01 08时45分06秒
the status of notification is lasting!
2016-02-01 08时50分05秒
the status of notification is lasting!
2016-02-01 08时55分05秒
the status of notification is lasting!
2016-02-01 09时00分05秒
the status of notification is lasting!
2016-02-01 09时05分05秒
the status of notification is lasting!
2016-02-01 09时10分05秒
the status of notification is lasting!
2016-02-01 09时15分06秒
the status of notification is lasting!
2016-02-01 09时20分05秒
the status of notification is lasting!
2016-02-01 09时25分05秒
the status of notification is lasting!
2016-02-01 09时30分05秒
the status of notification is lasting!
2016-02-01 09时35分05秒
the status of notification is lasting!
2016-02-01 09时40分05秒
the status of notification is lasting!
2016-02-01 09时45分06秒
the status of notification is lasting!
2016-02-01 09时50分05秒
the status of notification is lasting!
2016-02-01 09时55分05秒
the status of notification is lasting!
2016-02-01 10时00分05秒
the status of notification is lasting!
2016-02-01 10时05分05秒
the status of notification is lasting!
2016-02-01 10时10分05秒
the status of notification is lasting!
2016-02-01 10时15分06秒
the status of notification is lasting!
2016-02-01 10时20分05秒
the status of notification is lasting!
2016-02-01 10时25分05秒
the status of notification is lasting!
2016-02-01 10时30分05秒
the status of notification is lasting!
2016-02-01 10时35分05秒
the status of notification is lasting!
2016-02-01 10时40分05秒
the status of notification is lasting!
2016-02-01 10时45分05秒
the status of notification is lasting!
2016-02-01 10时50分05秒
the status of notification is lasting!
2016-02-01 10时55分06秒
the status of notification is lasting!
2016-02-01 11时00分05秒
the status of notification is lasting!
2016-02-01 11时05分05秒
the status of notification is lasting!
2016-02-01 11时10分05秒
the status of notification is lasting!
2016-02-01 11时15分05秒
the status of notification is lasting!
2016-02-01 11时20分05秒
the status of notification is lasting!
2016-02-01 11时25分06秒
the status of notification is lasting!
2016-02-01 11时30分05秒
the status of notification is lasting!
2016-02-01 11时35分05秒
the status of notification is lasting!
2016-02-01 11时40分05秒
the status of notification is lasting!
2016-02-01 11时45分05秒
the status of notification is lasting!
2016-02-01 11时50分05秒
the status of notification is lasting!
2016-02-01 11时55分05秒
the status of notification is lasting!
2016-02-01 12时00分06秒
the status of notification is lasting!
2016-02-01 12时05分05秒
the status of notification is lasting!
2016-02-01 12时10分05秒
the status of notification is lasting!
2016-02-01 12时15分05秒
the status of notification is lasting!
2016-02-01 12时20分05秒
the status of notification is lasting!
2016-02-01 12时25分05秒
the status of notification is lasting!
2016-02-01 12时30分06秒
the status of notification is lasting!
2016-02-01 12时35分05秒
the status of notification is lasting!
2016-02-01 12时40分05秒
the status of notification is lasting!
2016-02-01 12时45分05秒
the status of notification is lasting!
2016-02-01 12时50分05秒
the status of notification is lasting!
2016-02-01 12时55分05秒
the status of notification is lasting!
2016-02-01 13时00分05秒
the status of notification is lasting!
2016-02-01 13时05分05秒
the status of notification is lasting!
2016-02-01 13时10分05秒
the status of notification is lasting!
2016-02-01 13时15分05秒
the status of notification is lasting!
2016-02-01 13时20分05秒
the status of notification is lasting!
2016-02-01 13时25分05秒
the status of notification is lasting!
2016-02-01 13时30分05秒
the status of notification is lasting!
2016-02-01 13时35分05秒
the status of notification is lasting!
2016-02-01 13时40分06秒
the status of notification is lasting!
2016-02-01 13时45分05秒
the status of notification is lasting!
2016-02-01 13时50分05秒
the status of notification is lasting!
2016-02-01 13时55分05秒
the status of notification is lasting!
2016-02-01 14时00分05秒
the status of notification is lasting!
2016-02-01 14时05分05秒
the status of notification is lasting!
2016-02-01 14时10分06秒
the status of notification is lasting!
2016-02-01 14时15分05秒
the status of notification is lasting!
2016-02-01 14时20分05秒
the status of notification is lasting!
2016-02-01 14时25分05秒
the status of notification is lasting!
2016-02-01 14时30分05秒
the status of notification is lasting!
2016-02-01 14时35分05秒
the status of notification is lasting!
2016-02-01 14时40分05秒
the status of notification is lasting!
2016-02-01 14时45分06秒
the status of notification is lasting!
2016-02-01 14时50分05秒
the status of notification is lasting!
2016-02-01 14时55分05秒
the status of notification is lasting!
2016-02-01 15时00分05秒
the status of notification is lasting!
2016-02-01 15时05分05秒
the status of notification is lasting!
2016-02-01 15时10分05秒
the status of notification is lasting!
2016-02-01 15时15分06秒
the status of notification is lasting!
